2021-08-18 15:01:38,467 - QtDesigner - INFO - Logging to "/home/coredump/6040/qtdragon.log"
2021-08-18 15:01:38,468 - QtDesigner.QTVCP.QT_ISTAT - DEBUG - Machine is METRIC based. unit Conversion constant=0.03937007874015748
2021-08-18 15:01:38,468 - QtDesigner.QTVCP.QT_ISTAT - DEBUG - TRAJ COORDINATES: XYZ
2021-08-18 15:01:38,469 - QtDesigner.QTVCP.QT_ISTAT - DEBUG - DEFAULT_LINEAR_VELOCITY = 1080.0
2021-08-18 15:01:38,469 - QtDesigner.QTVCP.QT_ISTAT - DEBUG - MIN_LINEAR_VELOCITY = 30.0
2021-08-18 15:01:38,469 - QtDesigner.QTVCP.QT_ISTAT - DEBUG - MAX_LINEAR_VELOCITY = 2100.0
2021-08-18 15:01:38,769 - QTvcp - INFO - postgui filename: ['hallib/postgui_call_list.hal']
2021-08-18 15:01:38,802 - QTvcp - INFO - Preference path: /home/coredump/linuxcnc/configs/6040/qtdragon.pref
2021-08-18 15:01:39,160 - QTvcp.QTVCP.WIDGETS.BASIC_PROBE - INFO - Basic_Probe subprogram started with PID 39235

2021-08-18 15:01:44,827 - QTvcp.QTVCP.QT_ACTION - INFO - Homing Joint: -1
2021-08-18 15:12:39,073 - QTvcp - CRITICAL - Aborted from Error Dialog
 Qtvcp encountered an error.  The following information may be useful in troubleshooting:
LinuxCNC Version  : 2.9.0~pre0

Traceback (most recent call last):
  File "/usr/share/qtvcp/screens/qtdragon_hd/qtdragon_hd_handler.py", line 779, in btn_save_status_clicked
    filename = 'status_' + filename.replace(' ','_') + '.txt'
TypeError: a bytes-like object is required, not 'str'


2021-08-18 15:12:39,114 - QTvcp.QTVCP.QT_MAKEPINS - INFO - Closing cleanup on: originOffsetDialog_
2021-08-18 15:12:39,134 - QTvcp.QTVCP.QT_MAKEPINS - INFO - Closing cleanup on: offset_table
2021-08-18 15:12:39,148 - QTvcp.QTVCP.QT_MAKEPINS - INFO - Closing cleanup on: filemanager_usb
2021-08-18 15:12:39,152 - QTvcp.QTVCP.QT_MAKEPINS - INFO - Closing cleanup on: filemanager
